<?xml version="1.0" encoding="UTF-8"?>
<!-- Generated by org.testng.reporters.JUnitXMLReporter -->
<testsuite hostname="HIH-D-16328" ignored="0" name="_设备2_" tests="6" failures="2" timestamp="24 十二月 2018 09:38:52 GMT" time="316.471" errors="0">
  <testcase name="runCase" time="51.063" classname="com.netease.qa.ai.smartauto.runners.Runner5"/>
  <testcase name="runCase" time="36.27" classname="com.netease.qa.ai.smartauto.runners.Runner6"/>
  <testcase name="runCase" time="153.779" classname="com.netease.qa.ai.smartauto.runners.Runner7"/>
  <testcase name="runCase" time="21.991" classname="com.netease.qa.ai.smartauto.runners.Runner8"/>
  <testcase name="runCase" time="25.975" classname="com.netease.qa.ai.smartauto.runners.Runner9">
    <failure type="java.lang.AssertionError" message="执行失败或程序异常：点击期次结束左侧元素。截图及报告：http://smartauto.hz.netease.com/report/casereport?case_id=72593&amp;amp;device_id=3685">
      <![CDATA[java.lang.AssertionError: 执行失败或程序异常：点击期次结束左侧元素。截图及报告：http://smartauto.hz.netease.com/report/casereport?case_id=72593&device_id=3685
at com.netease.qa.ai.smartauto.runners.Runner9.runCase(Runner9.java:31)
at java.util.concurrent.FutureTask.run(FutureTask.java:266)
at java.util.concurrent.ThreadPoolExecutor.runWorker(ThreadPoolExecutor.java:1149)
at java.util.concurrent.ThreadPoolExecutor$Worker.run(ThreadPoolExecutor.java:624)
at java.lang.Thread.run(Thread.java:748)
... Removed 17 stack frames]]>
    </failure>
  </testcase> <!-- runCase -->
  <testcase name="runCase" time="27.342" classname="com.netease.qa.ai.smartauto.runners.Runner10">
    <failure type="java.lang.AssertionError" message="执行失败或程序异常：存在讲师。截图及报告：http://smartauto.hz.netease.com/report/casereport?case_id=72597&amp;amp;device_id=3685">
      <![CDATA[java.lang.AssertionError: 执行失败或程序异常：存在讲师。截图及报告：http://smartauto.hz.netease.com/report/casereport?case_id=72597&device_id=3685
at com.netease.qa.ai.smartauto.runners.Runner10.runCase(Runner10.java:31)
at java.util.concurrent.FutureTask.run(FutureTask.java:266)
at java.util.concurrent.ThreadPoolExecutor.runWorker(ThreadPoolExecutor.java:1149)
at java.util.concurrent.ThreadPoolExecutor$Worker.run(ThreadPoolExecutor.java:624)
at java.lang.Thread.run(Thread.java:748)
... Removed 17 stack frames]]>
    </failure>
  </testcase> <!-- runCase -->
</testsuite> <!-- _设备2_ -->
