<?xml version="1.0" encoding="UTF-8"?>
<!-- Generated by org.testng.reporters.JUnitXMLReporter -->
<testsuite hostname="HIH-D-16328" ignored="0" name="_设备2_" tests="7" failures="0" timestamp="25 十二月 2018 06:46:12 GMT" time="286.819" errors="0">
  <testcase name="runCase" time="40.412" classname="com.netease.qa.ai.smartauto.runners.Runner12"/>
  <testcase name="runCase" time="25.148" classname="com.netease.qa.ai.smartauto.runners.Runner13"/>
  <testcase name="runCase" time="20.131" classname="com.netease.qa.ai.smartauto.runners.Runner14"/>
  <testcase name="runCase" time="128.193" classname="com.netease.qa.ai.smartauto.runners.Runner15"/>
  <testcase name="runCase" time="5.864" classname="com.netease.qa.ai.smartauto.runners.Runner16"/>
  <testcase name="runCase" time="29.949" classname="com.netease.qa.ai.smartauto.runners.Runner17"/>
  <testcase name="runCase" time="37.029" classname="com.netease.qa.ai.smartauto.runners.Runner18"/>
</testsuite> <!-- _设备2_ -->
