<?xml version="1.0" encoding="UTF-8"?>
<!-- Generated by org.testng.reporters.JUnitXMLReporter -->
<testsuite hostname="HIH-D-16328" ignored="0" name="_设备1_" tests="12" failures="1" timestamp="25 十二月 2018 07:10:47 GMT" time="650.613" errors="0">
  <testcase name="runCase" time="39.959" classname="com.netease.qa.ai.smartauto.runners.Runner0"/>
  <testcase name="runCase" time="37.508" classname="com.netease.qa.ai.smartauto.runners.Runner1"/>
  <testcase name="runCase" time="17.517" classname="com.netease.qa.ai.smartauto.runners.Runner2">
    <failure type="java.lang.AssertionError" message="执行失败或程序异常：点击保存。截图及报告：http://smartauto.hz.netease.com/report/casereport?case_id=73910&amp;amp;device_id=3761">
      <![CDATA[java.lang.AssertionError: 执行失败或程序异常：点击保存。截图及报告：http://smartauto.hz.netease.com/report/casereport?case_id=73910&device_id=3761
at com.netease.qa.ai.smartauto.runners.Runner2.runCase(Runner2.java:31)
at java.util.concurrent.FutureTask.run(FutureTask.java:266)
at java.util.concurrent.ThreadPoolExecutor.runWorker(ThreadPoolExecutor.java:1149)
at java.util.concurrent.ThreadPoolExecutor$Worker.run(ThreadPoolExecutor.java:624)
at java.lang.Thread.run(Thread.java:748)
... Removed 17 stack frames]]>
    </failure>
  </testcase> <!-- runCase -->
  <testcase name="runCase" time="24.758" classname="com.netease.qa.ai.smartauto.runners.Runner3"/>
  <testcase name="runCase" time="69.531" classname="com.netease.qa.ai.smartauto.runners.Runner4"/>
  <testcase name="runCase" time="54.421" classname="com.netease.qa.ai.smartauto.runners.Runner5"/>
  <testcase name="runCase" time="90.145" classname="com.netease.qa.ai.smartauto.runners.Runner6"/>
  <testcase name="runCase" time="45.866" classname="com.netease.qa.ai.smartauto.runners.Runner7"/>
  <testcase name="runCase" time="99.24" classname="com.netease.qa.ai.smartauto.runners.Runner8"/>
  <testcase name="runCase" time="50.294" classname="com.netease.qa.ai.smartauto.runners.Runner9"/>
  <testcase name="runCase" time="100.339" classname="com.netease.qa.ai.smartauto.runners.Runner10"/>
  <testcase name="runCase" time="20.944" classname="com.netease.qa.ai.smartauto.runners.Runner11"/>
</testsuite> <!-- _设备1_ -->
