<?xml version="1.0" encoding="UTF-8"?>
<!-- Generated by org.testng.reporters.JUnitXMLReporter -->
<testsuite hostname="HIH-D-16328" ignored="0" name="_设备1_" tests="12" failures="1" timestamp="26 十二月 2018 02:34:17 GMT" time="684.012" errors="0">
  <testcase name="runCase" time="44.995" classname="com.netease.qa.ai.smartauto.runners.Runner0"/>
  <testcase name="runCase" time="21.987" classname="com.netease.qa.ai.smartauto.runners.Runner1">
    <failure type="java.lang.AssertionError" message="执行失败或程序异常：点击保存。截图及报告：http://smartauto.hz.netease.com/report/casereport?case_id=75810&amp;amp;device_id=3819">
      <![CDATA[java.lang.AssertionError: 执行失败或程序异常：点击保存。截图及报告：http://smartauto.hz.netease.com/report/casereport?case_id=75810&device_id=3819
at com.netease.qa.ai.smartauto.runners.Runner1.runCase(Runner1.java:31)
at java.util.concurrent.FutureTask.run(FutureTask.java:266)
at java.util.concurrent.ThreadPoolExecutor.runWorker(ThreadPoolExecutor.java:1149)
at java.util.concurrent.ThreadPoolExecutor$Worker.run(ThreadPoolExecutor.java:624)
at java.lang.Thread.run(Thread.java:748)
... Removed 17 stack frames]]>
    </failure>
  </testcase> <!-- runCase -->
  <testcase name="runCase" time="43.955" classname="com.netease.qa.ai.smartauto.runners.Runner2"/>
  <testcase name="runCase" time="25.138" classname="com.netease.qa.ai.smartauto.runners.Runner3"/>
  <testcase name="runCase" time="85.085" classname="com.netease.qa.ai.smartauto.runners.Runner4"/>
  <testcase name="runCase" time="55.3" classname="com.netease.qa.ai.smartauto.runners.Runner5"/>
  <testcase name="runCase" time="76.118" classname="com.netease.qa.ai.smartauto.runners.Runner6"/>
  <testcase name="runCase" time="45.747" classname="com.netease.qa.ai.smartauto.runners.Runner7"/>
  <testcase name="runCase" time="88.966" classname="com.netease.qa.ai.smartauto.runners.Runner8"/>
  <testcase name="runCase" time="51.065" classname="com.netease.qa.ai.smartauto.runners.Runner9"/>
  <testcase name="runCase" time="114.083" classname="com.netease.qa.ai.smartauto.runners.Runner10"/>
  <testcase name="runCase" time="31.478" classname="com.netease.qa.ai.smartauto.runners.Runner11"/>
</testsuite> <!-- _设备1_ -->
