<?xml version="1.0" encoding="UTF-8"?>
<!-- Generated by org.testng.reporters.JUnitXMLReporter -->
<testsuite hostname="HIH-D-16328" ignored="0" name="_设备3_" tests="3" failures="0" timestamp="26 十二月 2018 11:03:47 GMT" time="117.858" errors="0">
  <testcase name="runCase" time="58.042" classname="com.netease.qa.ai.smartauto.runners.Runner16"/>
  <testcase name="runCase" time="35.722" classname="com.netease.qa.ai.smartauto.runners.Runner17"/>
  <testcase name="runCase" time="24.062" classname="com.netease.qa.ai.smartauto.runners.Runner18"/>
</testsuite> <!-- _设备3_ -->
