<?xml version="1.0" encoding="UTF-8"?>
<!-- Generated by org.testng.reporters.JUnitXMLReporter -->
<testsuite hostname="HIH-D-16328" ignored="0" name="_设备2_" tests="7" failures="0" timestamp="26 十二月 2018 11:08:33 GMT" time="403.457" errors="0">
  <testcase name="runCase" time="150.209" classname="com.netease.qa.ai.smartauto.runners.Runner9"/>
  <testcase name="runCase" time="27.319" classname="com.netease.qa.ai.smartauto.runners.Runner10"/>
  <testcase name="runCase" time="23.817" classname="com.netease.qa.ai.smartauto.runners.Runner11"/>
  <testcase name="runCase" time="131.262" classname="com.netease.qa.ai.smartauto.runners.Runner12"/>
  <testcase name="runCase" time="6.022" classname="com.netease.qa.ai.smartauto.runners.Runner13"/>
  <testcase name="runCase" time="27.501" classname="com.netease.qa.ai.smartauto.runners.Runner14"/>
  <testcase name="runCase" time="37.253" classname="com.netease.qa.ai.smartauto.runners.Runner15"/>
</testsuite> <!-- _设备2_ -->
