<?xml version="1.0" encoding="UTF-8"?>
<!-- Generated by org.testng.reporters.JUnitXMLReporter -->
<testsuite hostname="HIH-D-16328" ignored="0" name="_智能调度脚本8_" tests="1" failures="1" timestamp="24 十二月 2018 09:05:55 GMT" time="550.39" errors="0">
  <testcase name="runCase" time="550.358" classname="com.netease.qa.ai.smartauto.runners.Runner8">
    <failure type="java.lang.AssertionError" message="执行失败或程序异常：点击添加学生。截图及报告：http://smartauto.hz.netease.com/report/casereport?case_id=72518&amp;amp;device_id=3675">
      <![CDATA[java.lang.AssertionError: 执行失败或程序异常：点击添加学生。截图及报告：http://smartauto.hz.netease.com/report/casereport?case_id=72518&device_id=3675
at com.netease.qa.ai.smartauto.runners.Runner8.runCase(Runner8.java:31)
at java.util.concurrent.FutureTask.run(FutureTask.java:266)
at java.util.concurrent.ThreadPoolExecutor.runWorker(ThreadPoolExecutor.java:1149)
at java.util.concurrent.ThreadPoolExecutor$Worker.run(ThreadPoolExecutor.java:624)
at java.lang.Thread.run(Thread.java:748)
... Removed 17 stack frames]]>
    </failure>
  </testcase> <!-- runCase -->
</testsuite> <!-- _智能调度脚本8_ -->
