<?xml version="1.0" encoding="UTF-8"?>
<!-- Generated by org.testng.reporters.JUnitXMLReporter -->
<testsuite hostname="HIH-D-16328" ignored="0" name="_设备1_" tests="5" failures="0" timestamp="25 十二月 2018 02:22:48 GMT" time="272.708" errors="0">
  <testcase name="runCase" time="42.887" classname="com.netease.qa.ai.smartauto.runners.Runner0"/>
  <testcase name="runCase" time="45.876" classname="com.netease.qa.ai.smartauto.runners.Runner1"/>
  <testcase name="runCase" time="58.85" classname="com.netease.qa.ai.smartauto.runners.Runner2"/>
  <testcase name="runCase" time="42.09" classname="com.netease.qa.ai.smartauto.runners.Runner3"/>
  <testcase name="runCase" time="82.957" classname="com.netease.qa.ai.smartauto.runners.Runner4"/>
</testsuite> <!-- _设备1_ -->
