<?xml version="1.0" encoding="UTF-8"?>
<!-- Generated by org.testng.reporters.JUnitXMLReporter -->
<testsuite hostname="HIH-D-16328" ignored="0" name="_设备2_" tests="7" failures="2" timestamp="25 十二月 2018 02:23:37 GMT" time="321.529" errors="0">
  <testcase name="runCase" time="37.057" classname="com.netease.qa.ai.smartauto.runners.Runner5"/>
  <testcase name="runCase" time="37.921" classname="com.netease.qa.ai.smartauto.runners.Runner6"/>
  <testcase name="runCase" time="31.835" classname="com.netease.qa.ai.smartauto.runners.Runner7"/>
  <testcase name="runCase" time="144.229" classname="com.netease.qa.ai.smartauto.runners.Runner8"/>
  <testcase name="runCase" time="18.815" classname="com.netease.qa.ai.smartauto.runners.Runner9"/>
  <testcase name="runCase" time="25.233" classname="com.netease.qa.ai.smartauto.runners.Runner10">
    <failure type="java.lang.AssertionError" message="执行失败或程序异常：点击期次结束左侧元素。截图及报告：http://smartauto.hz.netease.com/report/casereport?case_id=73179&amp;amp;device_id=3727">
      <![CDATA[java.lang.AssertionError: 执行失败或程序异常：点击期次结束左侧元素。截图及报告：http://smartauto.hz.netease.com/report/casereport?case_id=73179&device_id=3727
at com.netease.qa.ai.smartauto.runners.Runner10.runCase(Runner10.java:31)
at java.util.concurrent.FutureTask.run(FutureTask.java:266)
at java.util.concurrent.ThreadPoolExecutor.runWorker(ThreadPoolExecutor.java:1149)
at java.util.concurrent.ThreadPoolExecutor$Worker.run(ThreadPoolExecutor.java:624)
at java.lang.Thread.run(Thread.java:748)
... Removed 17 stack frames]]>
    </failure>
  </testcase> <!-- runCase -->
  <testcase name="runCase" time="26.373" classname="com.netease.qa.ai.smartauto.runners.Runner11">
    <failure type="java.lang.AssertionError" message="执行失败或程序异常：存在讲师。截图及报告：http://smartauto.hz.netease.com/report/casereport?case_id=73180&amp;amp;device_id=3727">
      <![CDATA[java.lang.AssertionError: 执行失败或程序异常：存在讲师。截图及报告：http://smartauto.hz.netease.com/report/casereport?case_id=73180&device_id=3727
at com.netease.qa.ai.smartauto.runners.Runner11.runCase(Runner11.java:31)
at java.util.concurrent.FutureTask.run(FutureTask.java:266)
at java.util.concurrent.ThreadPoolExecutor.runWorker(ThreadPoolExecutor.java:1149)
at java.util.concurrent.ThreadPoolExecutor$Worker.run(ThreadPoolExecutor.java:624)
at java.lang.Thread.run(Thread.java:748)
... Removed 17 stack frames]]>
    </failure>
  </testcase> <!-- runCase -->
</testsuite> <!-- _设备2_ -->
