<?xml version="1.0" encoding="UTF-8"?>
<!-- Generated by org.testng.reporters.JUnitXMLReporter -->
<testsuite hostname="HIH-D-16328" ignored="0" name="_设备1_" tests="12" failures="1" timestamp="25 十二月 2018 06:35:34 GMT" time="683.425" errors="0">
  <testcase name="runCase" time="47.112" classname="com.netease.qa.ai.smartauto.runners.Runner0"/>
  <testcase name="runCase" time="48.348" classname="com.netease.qa.ai.smartauto.runners.Runner1"/>
  <testcase name="runCase" time="54.397" classname="com.netease.qa.ai.smartauto.runners.Runner2"/>
  <testcase name="runCase" time="37.899" classname="com.netease.qa.ai.smartauto.runners.Runner3"/>
  <testcase name="runCase" time="32.072" classname="com.netease.qa.ai.smartauto.runners.Runner4">
    <failure type="java.lang.AssertionError" message="执行失败或程序异常：存在课程负责人、班次负责人、讲师、助教需要在课程内容设置中指定或解除！。截图及报告：http://smartauto.hz.netease.com/report/casereport?case_id=73826&amp;amp;device_id=3745">
      <![CDATA[java.lang.AssertionError: 执行失败或程序异常：存在课程负责人、班次负责人、讲师、助教需要在课程内容设置中指定或解除！。截图及报告：http://smartauto.hz.netease.com/report/casereport?case_id=73826&device_id=3745
at com.netease.qa.ai.smartauto.runners.Runner4.runCase(Runner4.java:31)
at java.util.concurrent.FutureTask.run(FutureTask.java:266)
at java.util.concurrent.ThreadPoolExecutor.runWorker(ThreadPoolExecutor.java:1149)
at java.util.concurrent.ThreadPoolExecutor$Worker.run(ThreadPoolExecutor.java:624)
at java.lang.Thread.run(Thread.java:748)
... Removed 17 stack frames]]>
    </failure>
  </testcase> <!-- runCase -->
  <testcase name="runCase" time="50.426" classname="com.netease.qa.ai.smartauto.runners.Runner5"/>
  <testcase name="runCase" time="95.771" classname="com.netease.qa.ai.smartauto.runners.Runner6"/>
  <testcase name="runCase" time="46.096" classname="com.netease.qa.ai.smartauto.runners.Runner7"/>
  <testcase name="runCase" time="83.868" classname="com.netease.qa.ai.smartauto.runners.Runner8"/>
  <testcase name="runCase" time="48.634" classname="com.netease.qa.ai.smartauto.runners.Runner9"/>
  <testcase name="runCase" time="111.081" classname="com.netease.qa.ai.smartauto.runners.Runner10"/>
  <testcase name="runCase" time="27.635" classname="com.netease.qa.ai.smartauto.runners.Runner11"/>
</testsuite> <!-- _设备1_ -->
