<?xml version="1.0" encoding="UTF-8"?>
<testng-results skipped="0" failed="0" ignored="0" total="5" passed="5">
  <reporter-output>
  </reporter-output>
  <suite name="teach后台UI20181221_185208.xml" duration-ms="283689" started-at="2018-12-21T10:52:10Z" finished-at="2018-12-21T10:56:53Z">
    <groups>
      <group name="智能调度脚本2">
        <method signature="Runner2.runCase(java.lang.String, java.lang.String, java.lang.String, java.lang.String, java.lang.String, java.lang.String, java.lang.String, java.lang.String)[pri:0, instance:com.netease.qa.ai.smartauto.runners.Runner2@8519cb4]" name="runCase" class="com.netease.qa.ai.smartauto.runners.Runner2"/>
      </group> <!-- 智能调度脚本2 -->
      <group name="智能调度脚本3">
        <method signature="Runner3.runCase(java.lang.String, java.lang.String, java.lang.String, java.lang.String, java.lang.String, java.lang.String, java.lang.String, java.lang.String)[pri:0, instance:com.netease.qa.ai.smartauto.runners.Runner3@18271936]" name="runCase" class="com.netease.qa.ai.smartauto.runners.Runner3"/>
      </group> <!-- 智能调度脚本3 -->
      <group name="智能调度脚本0">
        <method signature="Runner0.runCase(java.lang.String, java.lang.String, java.lang.String, java.lang.String, java.lang.String, java.lang.String, java.lang.String, java.lang.String)[pri:0, instance:com.netease.qa.ai.smartauto.runners.Runner0@3e8c3cb]" name="runCase" class="com.netease.qa.ai.smartauto.runners.Runner0"/>
      </group> <!-- 智能调度脚本0 -->
      <group name="智能调度脚本1">
        <method signature="Runner1.runCase(java.lang.String, java.lang.String, java.lang.String, java.lang.String, java.lang.String, java.lang.String, java.lang.String, java.lang.String)[pri:0, instance:com.netease.qa.ai.smartauto.runners.Runner1@196a42c3]" name="runCase" class="com.netease.qa.ai.smartauto.runners.Runner1"/>
      </group> <!-- 智能调度脚本1 -->
      <group name="创建多媒体作业草稿&amp;删除.txt1545389530067">
        <method signature="Runner1.runCase(java.lang.String, java.lang.String, java.lang.String, java.lang.String, java.lang.String, java.lang.String, java.lang.String, java.lang.String)[pri:0, instance:com.netease.qa.ai.smartauto.runners.Runner1@196a42c3]" name="runCase" class="com.netease.qa.ai.smartauto.runners.Runner1"/>
      </group> <!-- 创建多媒体作业草稿&删除.txt1545389530067 -->
      <group name="我相关的期次.txt1545389530070">
        <method signature="Runner4.runCase(java.lang.String, java.lang.String, java.lang.String, java.lang.String, java.lang.String, java.lang.String, java.lang.String, java.lang.String)[pri:0, instance:com.netease.qa.ai.smartauto.runners.Runner4@5b218417]" name="runCase" class="com.netease.qa.ai.smartauto.runners.Runner4"/>
      </group> <!-- 我相关的期次.txt1545389530070 -->
      <group name="智能调度脚本4">
        <method signature="Runner4.runCase(java.lang.String, java.lang.String, java.lang.String, java.lang.String, java.lang.String, java.lang.String, java.lang.String, java.lang.String)[pri:0, instance:com.netease.qa.ai.smartauto.runners.Runner4@5b218417]" name="runCase" class="com.netease.qa.ai.smartauto.runners.Runner4"/>
      </group> <!-- 智能调度脚本4 -->
      <group name="创建阶段测试草稿&amp;删除1.txt1545389530068">
        <method signature="Runner2.runCase(java.lang.String, java.lang.String, java.lang.String, java.lang.String, java.lang.String, java.lang.String, java.lang.String, java.lang.String)[pri:0, instance:com.netease.qa.ai.smartauto.runners.Runner2@8519cb4]" name="runCase" class="com.netease.qa.ai.smartauto.runners.Runner2"/>
      </group> <!-- 创建阶段测试草稿&删除1.txt1545389530068 -->
      <group name="权限管理.txt1545389530069">
        <method signature="Runner3.runCase(java.lang.String, java.lang.String, java.lang.String, java.lang.String, java.lang.String, java.lang.String, java.lang.String, java.lang.String)[pri:0, instance:com.netease.qa.ai.smartauto.runners.Runner3@18271936]" name="runCase" class="com.netease.qa.ai.smartauto.runners.Runner3"/>
      </group> <!-- 权限管理.txt1545389530069 -->
      <group name="创建scratch草稿&amp;删除.txt1545389530066">
        <method signature="Runner0.runCase(java.lang.String, java.lang.String, java.lang.String, java.lang.String, java.lang.String, java.lang.String, java.lang.String, java.lang.String)[pri:0, instance:com.netease.qa.ai.smartauto.runners.Runner0@3e8c3cb]" name="runCase" class="com.netease.qa.ai.smartauto.runners.Runner0"/>
      </group> <!-- 创建scratch草稿&删除.txt1545389530066 -->
    </groups>
    <test name="_智能调度脚本4_" duration-ms="42492" started-at="2018-12-21T10:52:10Z" finished-at="2018-12-21T10:52:52Z">
      <class name="com.netease.qa.ai.smartauto.runners.Runner4">
        <test-method status="PASS" signature="runCase(java.lang.String, java.lang.String, java.lang.String, java.lang.String, java.lang.String, java.lang.String, java.lang.String, java.lang.String)[pri:0, instance:com.netease.qa.ai.smartauto.runners.Runner4@5b218417]" name="runCase" duration-ms="42463" started-at="2018-12-21T10:52:10Z" finished-at="2018-12-21T10:52:52Z">
          <params>
            <param index="0">
              <value>
                <![CDATA[5459]]>
              </value>
            </param>
            <param index="1">
              <value>
                <![CDATA[123456]]>
              </value>
            </param>
            <param index="2">
              <value>
                <![CDATA[我相关的期次.txt1545389530070]]>
              </value>
            </param>
            <param index="3">
              <value>
                <![CDATA[智能调度脚本4]]>
              </value>
            </param>
            <param index="4">
              <value>
                <![CDATA[]]>
              </value>
            </param>
            <param index="5">
              <value>
                <![CDATA[]]>
              </value>
            </param>
            <param index="6">
              <value>
                <![CDATA[// 拼装开始~SALS~//请开始自动化脚本的编写，具体的语法说明可查看“帮助>API文档“ ~SALS~//note：hover问号icon没有写~SALS~最大化浏览器窗口~SALS~#宏 登录-online.mtxt~SALS~//宏的使用方法简述：(详情可查看 http://smartauto.hz.netease.com/docs/tutorial/macro.html )~SALS~//宏文件的调用及传参方式（可将宏文件拖入编辑器进行调用）：#宏 宏文件名 <参数1> <参数2>~SALS~//宏文件内部需要以 $[1] $[2] 的方式引用外部传入的参数，相同变量支持多次重复使用~SALS~//外部调用宏 eg：#宏 登录.mtxt <test@163.com> <testpassword>~SALS~//宏文件内部 eg：在账号输入框输入$[1]~SALS~//                           在密码输入框输入$[2]~SALS~清除cookie~SALS~//线上-UI自动化测试机构~SALS~打开#http://teach.geek.163.com/400000000672064.htm~SALS~//测试环境-UI自动化测试机构~SALS~//打开#http://teach.geek.163.com/400000001381002.htm~SALS~最大化浏览器窗口~SALS~点击邮箱登录~SALS~点击请输入邮箱帐号输入框~SALS~在输入邮箱帐号输入框输入#xdfqa7@163.com~SALS~在密码输入框输入#qa1234~SALS~点击登 录~SALS~等待2s~SALS~点击工作台~SALS~存在teach后台UI自动化测试机构~SALS~//hover教学负责人右侧元素~SALS~// 1）点击期次名称~SALS~点击收费-可学-有实体~SALS~等待2s~SALS~存在Scratch作业~SALS~关闭当前窗口~SALS~存在工作台~SALS~// 2）点击“批改”button~SALS~左滑~SALS~点击批改~SALS~等待2s~SALS~存在Scratch作业~SALS~关闭当前窗口~SALS~存在工作台]]>
              </value>
            </param>
            <param index="7">
              <value>
                <![CDATA[{"switch":false,"package":""}]]>
              </value>
            </param>
          </params>
          <reporter-output>
          </reporter-output>
        </test-method> <!-- runCase -->
        <test-method status="PASS" signature="unregisterDevice(java.lang.String, java.lang.String, java.lang.String)[pri:0, instance:com.netease.qa.ai.smartauto.runners.Runner4@5b218417]" name="unregisterDevice" is-config="true" duration-ms="12" started-at="2018-12-21T10:52:52Z" finished-at="2018-12-21T10:52:52Z">
          <params>
            <param index="0">
              <value>
                <![CDATA[智能调度脚本4]]>
              </value>
            </param>
            <param index="1">
              <value>
                <![CDATA[5459]]>
              </value>
            </param>
            <param index="2">
              <value>
                <![CDATA[123456]]>
              </value>
            </param>
          </params>
          <reporter-output>
          </reporter-output>
        </test-method> <!-- unregisterDevice -->
      </class> <!-- com.netease.qa.ai.smartauto.runners.Runner4 -->
    </test> <!-- _智能调度脚本4_ -->
    <test name="_智能调度脚本0_" duration-ms="86266" started-at="2018-12-21T10:52:10Z" finished-at="2018-12-21T10:53:36Z">
      <class name="com.netease.qa.ai.smartauto.runners.Runner0">
        <test-method status="PASS" signature="runCase(java.lang.String, java.lang.String, java.lang.String, java.lang.String, java.lang.String, java.lang.String, java.lang.String, java.lang.String)[pri:0, instance:com.netease.qa.ai.smartauto.runners.Runner0@3e8c3cb]" name="runCase" duration-ms="86241" started-at="2018-12-21T10:52:10Z" finished-at="2018-12-21T10:53:36Z">
          <params>
            <param index="0">
              <value>
                <![CDATA[5459]]>
              </value>
            </param>
            <param index="1">
              <value>
                <![CDATA[123456]]>
              </value>
            </param>
            <param index="2">
              <value>
                <![CDATA[创建scratch草稿&删除.txt1545389530066]]>
              </value>
            </param>
            <param index="3">
              <value>
                <![CDATA[智能调度脚本0]]>
              </value>
            </param>
            <param index="4">
              <value>
                <![CDATA[]]>
              </value>
            </param>
            <param index="5">
              <value>
                <![CDATA[]]>
              </value>
            </param>
            <param index="6">
              <value>
                <![CDATA[// 拼装开始~SALS~//请开始自动化脚本的编写，具体的语法说明可查看“帮助>API文档“ ~SALS~#宏 登录-online.mtxt~SALS~//宏的使用方法简述：(详情可查看 http://smartauto.hz.netease.com/docs/tutorial/macro.html )~SALS~//宏文件的调用及传参方式（可将宏文件拖入编辑器进行调用）：#宏 宏文件名 <参数1> <参数2>~SALS~//宏文件内部需要以 $[1] $[2] 的方式引用外部传入的参数，相同变量支持多次重复使用~SALS~//外部调用宏 eg：#宏 登录.mtxt <test@163.com> <testpassword>~SALS~//宏文件内部 eg：在账号输入框输入$[1]~SALS~//                           在密码输入框输入$[2]~SALS~清除cookie~SALS~//线上-UI自动化测试机构~SALS~打开#http://teach.geek.163.com/400000000672064.htm~SALS~//测试环境-UI自动化测试机构~SALS~//打开#http://teach.geek.163.com/400000001381002.htm~SALS~最大化浏览器窗口~SALS~点击邮箱登录~SALS~点击请输入邮箱帐号输入框~SALS~在输入邮箱帐号输入框输入#xdfqa7@163.com~SALS~在密码输入框输入#qa1234~SALS~点击登 录~SALS~//进入teachUI自动化测试课程-作业~SALS~打开#http://teach.geek.163.com/terms/400000003522074#/m/exam/list/~SALS~等待2s~SALS~hover添加作业~SALS~点击Scratch作业~SALS~在填写Scratch作业标题输入框输入#Scratch作业1~SALS~点击保存~SALS~//输入scratch作业内容~SALS~在第一个得分点上侧元素输入#这是scratch作业1题目1+1等于几~SALS~上滑直至出现保存题目~SALS~点击推荐Scratch 2.0~SALS~点击无初始作品~SALS~点击保存题目~SALS~点击设置发布信息~SALS~//删除创建的scratch作业~SALS~打开#http://teach.geek.163.com/terms/400000003522074#/m/exam/list/~SALS~点击未关联章节练习左侧元素~SALS~存在Scratch作业1~SALS~点击草稿上侧元素~SALS~点击确认删除~SALS~不存在Scratch作业1~SALS~存在添加作业]]>
              </value>
            </param>
            <param index="7">
              <value>
                <![CDATA[{"switch":false,"package":""}]]>
              </value>
            </param>
          </params>
          <reporter-output>
          </reporter-output>
        </test-method> <!-- runCase -->
        <test-method status="PASS" signature="unregisterDevice(java.lang.String, java.lang.String, java.lang.String)[pri:0, instance:com.netease.qa.ai.smartauto.runners.Runner0@3e8c3cb]" name="unregisterDevice" is-config="true" duration-ms="9" started-at="2018-12-21T10:53:36Z" finished-at="2018-12-21T10:53:36Z">
          <params>
            <param index="0">
              <value>
                <![CDATA[智能调度脚本0]]>
              </value>
            </param>
            <param index="1">
              <value>
                <![CDATA[5459]]>
              </value>
            </param>
            <param index="2">
              <value>
                <![CDATA[123456]]>
              </value>
            </param>
          </params>
          <reporter-output>
          </reporter-output>
        </test-method> <!-- unregisterDevice -->
      </class> <!-- com.netease.qa.ai.smartauto.runners.Runner0 -->
    </test> <!-- _智能调度脚本0_ -->
    <test name="_智能调度脚本1_" duration-ms="151021" started-at="2018-12-21T10:52:10Z" finished-at="2018-12-21T10:54:41Z">
      <class name="com.netease.qa.ai.smartauto.runners.Runner1">
        <test-method status="PASS" signature="runCase(java.lang.String, java.lang.String, java.lang.String, java.lang.String, java.lang.String, java.lang.String, java.lang.String, java.lang.String)[pri:0, instance:com.netease.qa.ai.smartauto.runners.Runner1@196a42c3]" name="runCase" duration-ms="150998" started-at="2018-12-21T10:52:10Z" finished-at="2018-12-21T10:54:41Z">
          <params>
            <param index="0">
              <value>
                <![CDATA[5459]]>
              </value>
            </param>
            <param index="1">
              <value>
                <![CDATA[123456]]>
              </value>
            </param>
            <param index="2">
              <value>
                <![CDATA[创建多媒体作业草稿&删除.txt1545389530067]]>
              </value>
            </param>
            <param index="3">
              <value>
                <![CDATA[智能调度脚本1]]>
              </value>
            </param>
            <param index="4">
              <value>
                <![CDATA[]]>
              </value>
            </param>
            <param index="5">
              <value>
                <![CDATA[]]>
              </value>
            </param>
            <param index="6">
              <value>
                <![CDATA[// 拼装开始~SALS~//请开始自动化脚本的编写，具体的语法说明可查看“帮助>API文档“ ~SALS~#宏 登录-online.mtxt~SALS~//宏的使用方法简述：(详情可查看 http://smartauto.hz.netease.com/docs/tutorial/macro.html )~SALS~//宏文件的调用及传参方式（可将宏文件拖入编辑器进行调用）：#宏 宏文件名 <参数1> <参数2>~SALS~//宏文件内部需要以 $[1] $[2] 的方式引用外部传入的参数，相同变量支持多次重复使用~SALS~//外部调用宏 eg：#宏 登录.mtxt <test@163.com> <testpassword>~SALS~//宏文件内部 eg：在账号输入框输入$[1]~SALS~//                           在密码输入框输入$[2]~SALS~清除cookie~SALS~//线上-UI自动化测试机构~SALS~打开#http://teach.geek.163.com/400000000672064.htm~SALS~//测试环境-UI自动化测试机构~SALS~//打开#http://teach.geek.163.com/400000001381002.htm~SALS~最大化浏览器窗口~SALS~点击邮箱登录~SALS~点击请输入邮箱帐号输入框~SALS~在输入邮箱帐号输入框输入#xdfqa7@163.com~SALS~在密码输入框输入#qa1234~SALS~点击登 录~SALS~//进入teachUI自动化测试课程-作业~SALS~打开#http://teach.geek.163.com/terms/400000003522074#/m/exam/list/~SALS~等待2s~SALS~hover添加作业~SALS~点击多媒体作业~SALS~在填写多媒体作业标题输入框输入#多媒体作业1~SALS~点击保存~SALS~//输入多媒体作业内容~SALS~在答案类型上侧元素输入#这是多媒体作业1题目：1+1等于几~SALS~上滑直至出现保存题目~SALS~点击文本答案~SALS~点击照片答案~SALS~点击视频答案~SALS~点击添加得分点~SALS~存在想象创造~SALS~上滑直至出现保存题目~SALS~点击保存题目~SALS~存在多媒体作业1~SALS~//删除创建的多媒体作业~SALS~打开#http://teach.geek.163.com/terms/400000003522074#/m/exam/list/~SALS~如果不存在多媒体作业1#然后#点击未关联章节练习左侧元素~SALS~存在多媒体作业1~SALS~点击草稿上侧元素~SALS~点击确认删除~SALS~不存在多媒体作业1~SALS~存在添加作业]]>
              </value>
            </param>
            <param index="7">
              <value>
                <![CDATA[{"switch":false,"package":""}]]>
              </value>
            </param>
          </params>
          <reporter-output>
          </reporter-output>
        </test-method> <!-- runCase -->
        <test-method status="PASS" signature="unregisterDevice(java.lang.String, java.lang.String, java.lang.String)[pri:0, instance:com.netease.qa.ai.smartauto.runners.Runner1@196a42c3]" name="unregisterDevice" is-config="true" duration-ms="7" started-at="2018-12-21T10:54:41Z" finished-at="2018-12-21T10:54:41Z">
          <params>
            <param index="0">
              <value>
                <![CDATA[智能调度脚本1]]>
              </value>
            </param>
            <param index="1">
              <value>
                <![CDATA[5459]]>
              </value>
            </param>
            <param index="2">
              <value>
                <![CDATA[123456]]>
              </value>
            </param>
          </params>
          <reporter-output>
          </reporter-output>
        </test-method> <!-- unregisterDevice -->
      </class> <!-- com.netease.qa.ai.smartauto.runners.Runner1 -->
    </test> <!-- _智能调度脚本1_ -->
    <test name="_智能调度脚本3_" duration-ms="234171" started-at="2018-12-21T10:52:10Z" finished-at="2018-12-21T10:56:04Z">
      <class name="com.netease.qa.ai.smartauto.runners.Runner3">
        <test-method status="PASS" signature="runCase(java.lang.String, java.lang.String, java.lang.String, java.lang.String, java.lang.String, java.lang.String, java.lang.String, java.lang.String)[pri:0, instance:com.netease.qa.ai.smartauto.runners.Runner3@18271936]" name="runCase" duration-ms="234151" started-at="2018-12-21T10:52:10Z" finished-at="2018-12-21T10:56:04Z">
          <params>
            <param index="0">
              <value>
                <![CDATA[5459]]>
              </value>
            </param>
            <param index="1">
              <value>
                <![CDATA[123456]]>
              </value>
            </param>
            <param index="2">
              <value>
                <![CDATA[权限管理.txt1545389530069]]>
              </value>
            </param>
            <param index="3">
              <value>
                <![CDATA[智能调度脚本3]]>
              </value>
            </param>
            <param index="4">
              <value>
                <![CDATA[]]>
              </value>
            </param>
            <param index="5">
              <value>
                <![CDATA[]]>
              </value>
            </param>
            <param index="6">
              <value>
                <![CDATA[// 拼装开始~SALS~//请开始自动化脚本的编写，具体的语法说明可查看“帮助>API文档“ ~SALS~#宏 登录-online.mtxt~SALS~//宏的使用方法简述：(详情可查看 http://smartauto.hz.netease.com/docs/tutorial/macro.html )~SALS~//宏文件的调用及传参方式（可将宏文件拖入编辑器进行调用）：#宏 宏文件名 <参数1> <参数2>~SALS~//宏文件内部需要以 $[1] $[2] 的方式引用外部传入的参数，相同变量支持多次重复使用~SALS~//外部调用宏 eg：#宏 登录.mtxt <test@163.com> <testpassword>~SALS~//宏文件内部 eg：在账号输入框输入$[1]~SALS~//                           在密码输入框输入$[2]~SALS~清除cookie~SALS~//线上-UI自动化测试机构~SALS~打开#http://teach.geek.163.com/400000000672064.htm~SALS~//测试环境-UI自动化测试机构~SALS~//打开#http://teach.geek.163.com/400000001381002.htm~SALS~最大化浏览器窗口~SALS~点击邮箱登录~SALS~点击请输入邮箱帐号输入框~SALS~在输入邮箱帐号输入框输入#xdfqa7@163.com~SALS~在密码输入框输入#qa1234~SALS~点击登 录~SALS~等待2s~SALS~点击权限管理下侧元素~SALS~等待2s~SALS~// 1）编辑~SALS~点击编辑~SALS~点击课程负责人~SALS~存在课程负责人、班次负责人、讲师、助教需要在课程内容设置中指定或解除！~SALS~点击知道了~SALS~点击超级管理员~SALS~存在超级管理员角色不支持修改~SALS~点击知道了~SALS~点击教学负责人~SALS~存在课程负责人、班次负责人、讲师、助教需要在课程内容设置中指定或解除！~SALS~点击知道了~SALS~点击备注名右侧元素~SALS~向备注名右侧元素输入#uiautotest~SALS~点击保存~SALS~等待2s~SALS~存在添加成员~SALS~存在uiautotest~SALS~// 2）添加一个成员（zklqa3@163.com）~SALS~点击添加成员~SALS~点击添加~SALS~在添加成员下侧元素输入#zklqa3@163.com~SALS~回车~SALS~存在1144921478~SALS~点击确认添加~SALS~点击备注名右侧元素~SALS~在备注名右侧元素输入#uiauto-备注~SALS~点击保存~SALS~点击成员设置~SALS~等待2s~SALS~左滑~SALS~存在删除~SALS~// 3）删除成员~SALS~点击删除~SALS~存在确定删除该成员吗？~SALS~点击取消~SALS~点击删除~SALS~点击确定~SALS~等待2s~SALS~// 4）查看~SALS~左滑~SALS~点击查看~SALS~存在该身份负责的范围如下:~SALS~点击渠道-编程-scratch-零基础~SALS~等待2s~SALS~存在400000003194936~SALS~关闭当前窗口~SALS~点击知道了~SALS~// 4）角色权限说明~SALS~点击角色权限说明~SALS~存在自定义角色~SALS~点击成员设置~SALS~等待2s~SALS~存在添加成员]]>
              </value>
            </param>
            <param index="7">
              <value>
                <![CDATA[{"switch":false,"package":""}]]>
              </value>
            </param>
          </params>
          <reporter-output>
          </reporter-output>
        </test-method> <!-- runCase -->
        <test-method status="PASS" signature="unregisterDevice(java.lang.String, java.lang.String, java.lang.String)[pri:0, instance:com.netease.qa.ai.smartauto.runners.Runner3@18271936]" name="unregisterDevice" is-config="true" duration-ms="5" started-at="2018-12-21T10:56:04Z" finished-at="2018-12-21T10:56:04Z">
          <params>
            <param index="0">
              <value>
                <![CDATA[智能调度脚本3]]>
              </value>
            </param>
            <param index="1">
              <value>
                <![CDATA[5459]]>
              </value>
            </param>
            <param index="2">
              <value>
                <![CDATA[123456]]>
              </value>
            </param>
          </params>
          <reporter-output>
          </reporter-output>
        </test-method> <!-- unregisterDevice -->
      </class> <!-- com.netease.qa.ai.smartauto.runners.Runner3 -->
    </test> <!-- _智能调度脚本3_ -->
    <test name="_智能调度脚本2_" duration-ms="283688" started-at="2018-12-21T10:52:10Z" finished-at="2018-12-21T10:56:53Z">
      <class name="com.netease.qa.ai.smartauto.runners.Runner2">
        <test-method status="PASS" signature="runCase(java.lang.String, java.lang.String, java.lang.String, java.lang.String, java.lang.String, java.lang.String, java.lang.String, java.lang.String)[pri:0, instance:com.netease.qa.ai.smartauto.runners.Runner2@8519cb4]" name="runCase" duration-ms="283670" started-at="2018-12-21T10:52:10Z" finished-at="2018-12-21T10:56:53Z">
          <params>
            <param index="0">
              <value>
                <![CDATA[5459]]>
              </value>
            </param>
            <param index="1">
              <value>
                <![CDATA[123456]]>
              </value>
            </param>
            <param index="2">
              <value>
                <![CDATA[创建阶段测试草稿&删除1.txt1545389530068]]>
              </value>
            </param>
            <param index="3">
              <value>
                <![CDATA[智能调度脚本2]]>
              </value>
            </param>
            <param index="4">
              <value>
                <![CDATA[]]>
              </value>
            </param>
            <param index="5">
              <value>
                <![CDATA[]]>
              </value>
            </param>
            <param index="6">
              <value>
                <![CDATA[// 拼装开始~SALS~//请开始自动化脚本的编写，具体的语法说明可查看“帮助>API文档“ ~SALS~#宏 登录-online.mtxt~SALS~//宏的使用方法简述：(详情可查看 http://smartauto.hz.netease.com/docs/tutorial/macro.html )~SALS~//宏文件的调用及传参方式（可将宏文件拖入编辑器进行调用）：#宏 宏文件名 <参数1> <参数2>~SALS~//宏文件内部需要以 $[1] $[2] 的方式引用外部传入的参数，相同变量支持多次重复使用~SALS~//外部调用宏 eg：#宏 登录.mtxt <test@163.com> <testpassword>~SALS~//宏文件内部 eg：在账号输入框输入$[1]~SALS~//                           在密码输入框输入$[2]~SALS~清除cookie~SALS~//线上-UI自动化测试机构~SALS~打开#http://teach.geek.163.com/400000000672064.htm~SALS~//测试环境-UI自动化测试机构~SALS~//打开#http://teach.geek.163.com/400000001381002.htm~SALS~最大化浏览器窗口~SALS~点击邮箱登录~SALS~点击请输入邮箱帐号输入框~SALS~在输入邮箱帐号输入框输入#xdfqa7@163.com~SALS~在密码输入框输入#qa1234~SALS~点击登 录~SALS~//进入teachUI自动化测试课程-作业~SALS~打开#http://teach.geek.163.com/terms/400000003522074#/m/exam/list/~SALS~等待2s~SALS~hover添加作业~SALS~点击阶段测试~SALS~在填写阶段测试输入框输入#阶段测试1~SALS~点击保存~SALS~//输入阶段测试内容~SALS~点击复制文本快速录题~SALS~点击保存题目~SALS~存在袋子里有红、黄、黑、白珠子各10粒，要想保证摸出五粒颜色相同的珠子，至少摸出多少粒?~SALS~//删除创建的阶段测试~SALS~打开#http://teach.geek.163.com/terms/400000003522074#/m/exam/list/~SALS~如果不存在阶段测试1#然后#点击未关联章节练习左侧元素~SALS~存在阶段测试1~SALS~点击草稿上侧元素~SALS~点击确认删除~SALS~不存在阶段测试1~SALS~存在添加作业]]>
              </value>
            </param>
            <param index="7">
              <value>
                <![CDATA[{"switch":false,"package":""}]]>
              </value>
            </param>
          </params>
          <reporter-output>
          </reporter-output>
        </test-method> <!-- runCase -->
        <test-method status="PASS" signature="unregisterDevice(java.lang.String, java.lang.String, java.lang.String)[pri:0, instance:com.netease.qa.ai.smartauto.runners.Runner2@8519cb4]" name="unregisterDevice" is-config="true" duration-ms="3" started-at="2018-12-21T10:56:53Z" finished-at="2018-12-21T10:56:53Z">
          <params>
            <param index="0">
              <value>
                <![CDATA[智能调度脚本2]]>
              </value>
            </param>
            <param index="1">
              <value>
                <![CDATA[5459]]>
              </value>
            </param>
            <param index="2">
              <value>
                <![CDATA[123456]]>
              </value>
            </param>
          </params>
          <reporter-output>
          </reporter-output>
        </test-method> <!-- unregisterDevice -->
      </class> <!-- com.netease.qa.ai.smartauto.runners.Runner2 -->
    </test> <!-- _智能调度脚本2_ -->
  </suite> <!-- teach后台UI20181221_185208.xml -->
</testng-results>
