<?xml version="1.0" encoding="UTF-8"?>
<!-- Generated by org.testng.reporters.JUnitXMLReporter -->
<testsuite hostname="HIH-D-16328" ignored="0" name="_设备1_" tests="8" failures="0" timestamp="26 十二月 2018 11:40:06 GMT" time="502.881" errors="0">
  <testcase name="runCase" time="48.396" classname="com.netease.qa.ai.smartauto.runners.Runner0"/>
  <testcase name="runCase" time="49.602" classname="com.netease.qa.ai.smartauto.runners.Runner1"/>
  <testcase name="runCase" time="82.839" classname="com.netease.qa.ai.smartauto.runners.Runner2"/>
  <testcase name="runCase" time="51.554" classname="com.netease.qa.ai.smartauto.runners.Runner3"/>
  <testcase name="runCase" time="84.772" classname="com.netease.qa.ai.smartauto.runners.Runner4"/>
  <testcase name="runCase" time="49.074" classname="com.netease.qa.ai.smartauto.runners.Runner5"/>
  <testcase name="runCase" time="108.015" classname="com.netease.qa.ai.smartauto.runners.Runner6"/>
  <testcase name="runCase" time="28.548" classname="com.netease.qa.ai.smartauto.runners.Runner7"/>
</testsuite> <!-- _设备1_ -->
