<?xml version="1.0" encoding="UTF-8"?>
<!-- Generated by org.testng.reporters.JUnitXMLReporter -->
<testsuite hostname="HIH-D-16328" ignored="0" name="_设备3_" tests="3" failures="0" timestamp="26 十二月 2018 11:33:49 GMT" time="126.385" errors="0">
  <testcase name="runCase" time="62.964" classname="com.netease.qa.ai.smartauto.runners.Runner15"/>
  <testcase name="runCase" time="39.286" classname="com.netease.qa.ai.smartauto.runners.Runner16"/>
  <testcase name="runCase" time="24.089" classname="com.netease.qa.ai.smartauto.runners.Runner17"/>
</testsuite> <!-- _设备3_ -->
