<?xml version="1.0" encoding="UTF-8"?>
<!-- Generated by org.testng.reporters.JUnitXMLReporter -->
<testsuite hostname="HIH-D-16328" ignored="0" name="_设备2_" tests="7" failures="0" timestamp="26 十二月 2018 11:36:59 GMT" time="315.644" errors="0">
  <testcase name="runCase" time="52.065" classname="com.netease.qa.ai.smartauto.runners.Runner8"/>
  <testcase name="runCase" time="27.756" classname="com.netease.qa.ai.smartauto.runners.Runner9"/>
  <testcase name="runCase" time="28.293" classname="com.netease.qa.ai.smartauto.runners.Runner10"/>
  <testcase name="runCase" time="134.344" classname="com.netease.qa.ai.smartauto.runners.Runner11"/>
  <testcase name="runCase" time="7.066" classname="com.netease.qa.ai.smartauto.runners.Runner12"/>
  <testcase name="runCase" time="31.602" classname="com.netease.qa.ai.smartauto.runners.Runner13"/>
  <testcase name="runCase" time="34.453" classname="com.netease.qa.ai.smartauto.runners.Runner14"/>
</testsuite> <!-- _设备2_ -->
